Flow report for digimon
Mon Feb 26 20:46:02 2018
Quartus II 64-Bit Version 13.1.0 Build 162 10/23/2013 SJ Full Version


---------------------
; Table of Contents ;
---------------------
  1. Legal Notice
  2. Flow Summary
  3. Flow Settings
  4. Flow Non-Default Global Settings
  5. Flow Elapsed Time
  6. Flow OS Summary
  7. Flow Log
  8. Flow Messages
  9. Flow Suppressed Messages



----------------
; Legal Notice ;
----------------
Copyright (C) 1991-2013 Altera Corporation
Your use of Altera Corporation's design tools, logic functions 
and other software and tools, and its AMPP partner logic 
functions, and any output files from any of the foregoing 
(including device programming or simulation files), and any 
associated documentation or information are expressly subject 
to the terms and conditions of the Altera Program License 
Subscription Agreement, Altera MegaCore Function License 
Agreement, or other applicable license agreement, including, 
without limitation, that your use is for the sole purpose of 
programming logic devices manufactured by Altera and sold by 
Altera or its authorized distributors.  Please refer to the 
applicable agreement for further details.



+----------------------------------------------------------------------------------+
; Flow Summary                                                                     ;
+------------------------------------+---------------------------------------------+
; Flow Status                        ; Successful - Mon Feb 26 20:46:01 2018       ;
; Quartus II 64-Bit Version          ; 13.1.0 Build 162 10/23/2013 SJ Full Version ;
; Revision Name                      ; digimon                                     ;
; Top-level Entity Name              ; digimon                                     ;
; Family                             ; Cyclone IV E                                ;
; Device                             ; EP4CE6F17C8                                 ;
; Timing Models                      ; Final                                       ;
; Total logic elements               ; 1,259 / 6,272 ( 20 % )                      ;
;     Total combinational functions  ; 1,256 / 6,272 ( 20 % )                      ;
;     Dedicated logic registers      ; 77 / 6,272 ( 1 % )                          ;
; Total registers                    ; 77                                          ;
; Total pins                         ; 14 / 180 ( 8 % )                            ;
; Total virtual pins                 ; 0                                           ;
; Total memory bits                  ; 0 / 276,480 ( 0 % )                         ;
; Embedded Multiplier 9-bit elements ; 0 / 30 ( 0 % )                              ;
; Total PLLs                         ; 0 / 2 ( 0 % )                               ;
+------------------------------------+---------------------------------------------+


+-----------------------------------------+
; Flow Settings                           ;
+-------------------+---------------------+
; Option            ; Setting             ;
+-------------------+---------------------+
; Start date & time ; 02/26/2018 20:45:26 ;
; Main task         ; Compilation         ;
; Revision Name     ; digimon             ;
+-------------------+---------------------+


+----------------------------------------------------------------------------------------------------------------------+
; Flow Non-Default Global Settings                                                                                     ;
+-------------------------------------+---------------------------------+---------------+-------------+----------------+
; Assignment Name                     ; Value                           ; Default Value ; Entity Name ; Section Id     ;
+-------------------------------------+---------------------------------+---------------+-------------+----------------+
; COMPILER_SIGNATURE_ID               ; 141812759305104.151964912603828 ; --            ; --          ; --             ;
; EDA_OUTPUT_DATA_FORMAT              ; Vhdl                            ; --            ; --          ; eda_simulation ;
; EDA_SIMULATION_TOOL                 ; ModelSim (VHDL)                 ; <None>        ; --          ; --             ;
; EDA_TIME_SCALE                      ; 1 ps                            ; --            ; --          ; eda_simulation ;
; MAX_CORE_JUNCTION_TEMP              ; 85                              ; --            ; --          ; --             ;
; MIN_CORE_JUNCTION_TEMP              ; 0                               ; --            ; --          ; --             ;
; NOMINAL_CORE_SUPPLY_VOLTAGE         ; 1.2V                            ; --            ; --          ; --             ;
; PARTITION_COLOR                     ; 16764057                        ; --            ; --          ; Top            ;
; PARTITION_FITTER_PRESERVATION_LEVEL ; PLACEMENT_AND_ROUTING           ; --            ; --          ; Top            ;
; PARTITION_NETLIST_TYPE              ; SOURCE                          ; --            ; --          ; Top            ;
; PROJECT_OUTPUT_DIRECTORY            ; output_files                    ; --            ; --          ; --             ;
+-------------------------------------+---------------------------------+---------------+-------------+----------------+


+-------------------------------------------------------------------------------------------------------------------------------+
; Flow Elapsed Time                                                                                                             ;
+---------------------------+--------------+-------------------------+---------------------+------------------------------------+
; Module Name               ; Elapsed Time ; Average Processors Used ; Peak Virtual Memory ; Total CPU Time (on all processors) ;
+---------------------------+--------------+-------------------------+---------------------+------------------------------------+
; Analysis & Synthesis      ; 00:00:11     ; 1.0                     ; 601 MB              ; 00:00:11                           ;
; Fitter                    ; 00:00:11     ; 1.3                     ; 1347 MB             ; 00:00:14                           ;
; Assembler                 ; 00:00:01     ; 1.0                     ; 516 MB              ; 00:00:01                           ;
; TimeQuest Timing Analyzer ; 00:00:05     ; 1.8                     ; 612 MB              ; 00:00:04                           ;
; EDA Netlist Writer        ; 00:00:01     ; 1.0                     ; 487 MB              ; 00:00:02                           ;
; Total                     ; 00:00:29     ; --                      ; --                  ; 00:00:32                           ;
+---------------------------+--------------+-------------------------+---------------------+------------------------------------+


+----------------------------------------------------------------------------------------+
; Flow OS Summary                                                                        ;
+---------------------------+------------------+-----------+------------+----------------+
; Module Name               ; Machine Hostname ; OS Name   ; OS Version ; Processor type ;
+---------------------------+------------------+-----------+------------+----------------+
; Analysis & Synthesis      ; DESKTOP-FOD9GPL  ; Windows 7 ; 6.2        ; x86_64         ;
; Fitter                    ; DESKTOP-FOD9GPL  ; Windows 7 ; 6.2        ; x86_64         ;
; Assembler                 ; DESKTOP-FOD9GPL  ; Windows 7 ; 6.2        ; x86_64         ;
; TimeQuest Timing Analyzer ; DESKTOP-FOD9GPL  ; Windows 7 ; 6.2        ; x86_64         ;
; EDA Netlist Writer        ; DESKTOP-FOD9GPL  ; Windows 7 ; 6.2        ; x86_64         ;
+---------------------------+------------------+-----------+------------+----------------+


------------
; Flow Log ;
------------
quartus_map --read_settings_files=on --write_settings_files=off digimon -c digimon
quartus_fit --read_settings_files=off --write_settings_files=off digimon -c digimon
quartus_asm --read_settings_files=off --write_settings_files=off digimon -c digimon
quartus_sta digimon -c digimon
quartus_eda --read_settings_files=off --write_settings_files=off digimon -c digimon



